2024-09-18 20:14:49,466 INFO: This is a standard output message.
This is a standard output message.
2024-09-18 20:14:49,467 INFO: This is an info message.
2024-09-18 20:14:49,467 ERROR: An error occurred
Traceback (most recent call last):
  File "C:\Users\Admin\Desktop\Year3Projects\bukitdriving\ryan.py", line 53, in <module>
    raise Exception("This is an error message.")
Exception: This is an error message.
2024-09-18 20:14:49,467 INFO: Using default request storage
2024-09-18 20:14:51,027 INFO: Created proxy listening on 127.0.0.1:51453
2024-09-18 20:14:52,838 INFO: Random Platform:  Win32
2024-09-18 20:14:53,082 INFO: Capturing request: https://accounts.google.com/ListAccounts?gpsia=1&source=ChromiumBrowser&json=standard
2024-09-18 20:14:53,221 INFO: Capturing response: https://accounts.google.com/ListAccounts?gpsia=1&source=ChromiumBrowser&json=standard 200 
2024-09-18 20:14:53,564 INFO: Capturing request: https://booking.bbdc.sg/
2024-09-18 20:14:53,692 INFO: Capturing response: https://booking.bbdc.sg/ 200 
2024-09-18 20:14:53,820 INFO: Capturing request: https://booking.bbdc.sg/static/css/app.38497a2a.css
2024-09-18 20:14:53,821 INFO: Capturing request: https://booking.bbdc.sg/static/js/app.71508b70.js
2024-09-18 20:14:53,824 INFO: Capturing request: https://booking.bbdc.sg/static/css/chunk-vendors.eb119688.css
2024-09-18 20:14:53,826 INFO: Capturing request: https://booking.bbdc.sg/static/js/chunk-vendors.fbb87f66.js
2024-09-18 20:14:53,837 INFO: Capturing request: https://booking.bbdc.sg/static/css/chunk-08e970c4.05256faf.css
2024-09-18 20:14:53,838 INFO: Capturing request: https://booking.bbdc.sg/static/css/chunk-0b7c7728.2d3a90c5.css
2024-09-18 20:14:53,840 INFO: Capturing request: https://booking.bbdc.sg/static/css/chunk-0384f218.d72d48be.css
2024-09-18 20:14:53,842 INFO: Capturing request: https://booking.bbdc.sg/_Incapsula_Resource?SWJIYLWA=719d34d31c8e3a6e6fffd425f7e032f3&ns=1&cb=1195061892
2024-09-18 20:14:53,843 INFO: Capturing request: https://booking.bbdc.sg/static/css/chunk-09a0cd9c.b37f20bb.css
2024-09-18 20:14:53,845 INFO: Capturing request: https://booking.bbdc.sg/static/css/chunk-0f8a67d5.10618753.css
2024-09-18 20:14:53,847 INFO: Capturing request: https://booking.bbdc.sg/static/css/chunk-0a4f15d7.b5abafec.css
2024-09-18 20:14:53,853 INFO: Capturing response: https://booking.bbdc.sg/static/css/app.38497a2a.css 200 
2024-09-18 20:14:53,857 INFO: Capturing request: https://booking.bbdc.sg/static/css/chunk-1687934a.7f1b58aa.css
2024-09-18 20:14:53,859 INFO: Capturing request: https://booking.bbdc.sg/static/css/chunk-1084cecd.1f3bf2b9.css
2024-09-18 20:14:53,861 INFO: Capturing request: https://booking.bbdc.sg/static/css/chunk-0fa3995a.89ba2e17.css
2024-09-18 20:14:53,863 INFO: Capturing request: https://booking.bbdc.sg/static/css/chunk-109f1a97.b5087f50.css
2024-09-18 20:14:53,865 INFO: Capturing request: https://booking.bbdc.sg/static/css/chunk-11ad1a04.4ad62cf6.css
2024-09-18 20:14:53,868 INFO: Capturing request: https://booking.bbdc.sg/static/css/chunk-280881bd.2bb34e94.css
2024-09-18 20:14:53,870 INFO: Capturing request: https://booking.bbdc.sg/static/css/chunk-2342a83a.399a2c58.css
2024-09-18 20:14:53,871 INFO: Capturing request: https://booking.bbdc.sg/static/css/chunk-1ead5984.7b7bfcae.css
2024-09-18 20:14:53,873 INFO: Capturing request: https://booking.bbdc.sg/static/css/chunk-193a51f6.68407474.css
2024-09-18 20:14:53,875 INFO: Capturing request: https://booking.bbdc.sg/static/css/chunk-1e30350d.44b5def7.css
2024-09-18 20:14:53,883 INFO: Capturing response: https://booking.bbdc.sg/static/js/app.71508b70.js 200 
2024-09-18 20:14:53,886 INFO: Capturing request: https://booking.bbdc.sg/static/css/chunk-2f79e68e.0d818389.css
2024-09-18 20:14:53,888 INFO: Capturing request: https://booking.bbdc.sg/static/css/chunk-2b07b104.48afd2d9.css
2024-09-18 20:14:53,890 INFO: Capturing request: https://booking.bbdc.sg/static/css/chunk-2a4c28bc.9523aaa4.css
2024-09-18 20:14:53,891 INFO: Capturing request: https://booking.bbdc.sg/static/css/chunk-3141e30e.9cb8694f.css
2024-09-18 20:14:53,894 INFO: Capturing request: https://booking.bbdc.sg/static/css/chunk-2851a66f.db7cc92a.css
2024-09-18 20:14:53,895 INFO: Capturing request: https://booking.bbdc.sg/static/css/chunk-3d657a26.4305e48d.css
2024-09-18 20:14:53,897 INFO: Capturing request: https://booking.bbdc.sg/static/css/chunk-3f927d57.25ad22ac.css
2024-09-18 20:14:53,899 INFO: Capturing request: https://booking.bbdc.sg/static/css/chunk-3da2c111.e878d2e3.css
2024-09-18 20:14:53,901 INFO: Capturing request: https://booking.bbdc.sg/static/css/chunk-29914ae2.3143f700.css
2024-09-18 20:14:53,907 INFO: Capturing request: https://booking.bbdc.sg/static/css/chunk-6d9f1ad3.5316f901.css
2024-09-18 20:14:53,908 INFO: Capturing request: https://booking.bbdc.sg/static/css/chunk-47e30e94.1710111d.css
2024-09-18 20:14:53,910 INFO: Capturing request: https://booking.bbdc.sg/static/css/chunk-6f4c8d96.0d0d2b97.css
2024-09-18 20:14:53,912 INFO: Capturing request: https://booking.bbdc.sg/static/css/chunk-7118d5c6.5d8b2df2.css
2024-09-18 20:14:53,915 INFO: Capturing request: https://booking.bbdc.sg/static/css/chunk-6305e883.f95cb530.css
2024-09-18 20:14:53,916 INFO: Capturing request: https://booking.bbdc.sg/static/css/chunk-6a02b38e.affbf70b.css
2024-09-18 20:14:53,918 INFO: Capturing request: https://booking.bbdc.sg/static/css/chunk-50f48074.7458ff20.css
2024-09-18 20:14:53,923 INFO: Capturing response: https://booking.bbdc.sg/static/css/chunk-08e970c4.05256faf.css 200 
2024-09-18 20:14:53,926 INFO: Capturing request: https://booking.bbdc.sg/static/css/chunk-9742b558.65d5841c.css
2024-09-18 20:14:53,929 INFO: Capturing request: https://booking.bbdc.sg/static/css/chunk-89f955aa.816944a6.css
2024-09-18 20:14:53,931 INFO: Capturing request: https://booking.bbdc.sg/static/css/chunk-7f5ba58e.9d9d4678.css
2024-09-18 20:14:53,933 INFO: Capturing request: https://booking.bbdc.sg/static/css/chunk-7cc3c476.3d6b8543.css
2024-09-18 20:14:53,935 INFO: Capturing request: https://booking.bbdc.sg/static/css/chunk-7481307a.391854c2.css
2024-09-18 20:14:53,937 INFO: Capturing request: https://booking.bbdc.sg/static/css/chunk-7a0b4fb1.4ff59ca4.css
2024-09-18 20:14:53,938 INFO: Capturing request: https://booking.bbdc.sg/static/css/chunk-e3bffed2.04ef1426.css
2024-09-18 20:14:53,939 INFO: Capturing request: https://booking.bbdc.sg/static/css/chunk-b8ecf602.e043bcc6.css
2024-09-18 20:14:53,941 INFO: Capturing request: https://booking.bbdc.sg/static/css/chunk-f83966f4.295e3fe7.css
2024-09-18 20:14:53,950 INFO: Capturing response: https://booking.bbdc.sg/static/css/chunk-0b7c7728.2d3a90c5.css 200 
2024-09-18 20:14:53,953 INFO: Capturing response: https://booking.bbdc.sg/static/css/chunk-0384f218.d72d48be.css 200 
2024-09-18 20:14:53,955 INFO: Capturing request: https://booking.bbdc.sg/static/js/chunk-0b7c7728.72a4bb6e.js
2024-09-18 20:14:53,956 INFO: Capturing request: https://booking.bbdc.sg/static/js/chunk-0a4f15d7.ae5907ec.js
2024-09-18 20:14:53,959 INFO: Capturing request: https://booking.bbdc.sg/static/js/chunk-09a0cd9c.6ce5c2b8.js
2024-09-18 20:14:53,960 INFO: Capturing request: https://booking.bbdc.sg/static/js/chunk-11ad1a04.d0d83967.js
2024-09-18 20:14:53,961 INFO: Capturing request: https://booking.bbdc.sg/static/js/chunk-0384f218.412f28d9.js
2024-09-18 20:14:53,965 INFO: Capturing request: https://booking.bbdc.sg/static/js/chunk-0fa3995a.5d362df3.js
2024-09-18 20:14:53,967 INFO: Capturing request: https://booking.bbdc.sg/static/js/chunk-08e970c4.54ce4031.js
2024-09-18 20:14:53,994 INFO: Capturing request: https://booking.bbdc.sg/static/css/chunk-f9607942.8a4d61ae.css
2024-09-18 20:14:53,996 INFO: Capturing request: https://booking.bbdc.sg/static/js/chunk-109f1a97.8138f3e6.js
2024-09-18 20:14:53,998 INFO: Capturing request: https://booking.bbdc.sg/static/js/chunk-1084cecd.2f575b8c.js
2024-09-18 20:14:53,999 INFO: Capturing request: https://booking.bbdc.sg/static/js/chunk-0f8a67d5.4280d3f4.js
2024-09-18 20:14:54,003 INFO: Capturing response: https://booking.bbdc.sg/static/css/chunk-0f8a67d5.10618753.css 200 
2024-09-18 20:14:54,008 INFO: Capturing response: https://booking.bbdc.sg/static/css/chunk-09a0cd9c.b37f20bb.css 200 
2024-09-18 20:14:54,009 INFO: Capturing request: https://booking.bbdc.sg/static/js/chunk-1687934a.e39584cd.js
2024-09-18 20:14:54,011 INFO: Capturing request: https://booking.bbdc.sg/static/js/chunk-193a51f6.239b5e3a.js
2024-09-18 20:14:54,013 INFO: Capturing request: https://booking.bbdc.sg/static/js/chunk-1ead5984.81edba15.js
2024-09-18 20:14:54,014 INFO: Capturing request: https://booking.bbdc.sg/static/js/chunk-2342a83a.154ff32b.js
2024-09-18 20:14:54,016 INFO: Capturing request: https://booking.bbdc.sg/static/js/chunk-1e30350d.3f5df6e8.js
2024-09-18 20:14:54,017 INFO: Capturing request: https://booking.bbdc.sg/static/js/chunk-280881bd.978e678b.js
2024-09-18 20:14:54,027 INFO: Capturing response: https://booking.bbdc.sg/static/css/chunk-0a4f15d7.b5abafec.css 200 
2024-09-18 20:14:54,028 INFO: Capturing request: https://booking.bbdc.sg/static/js/chunk-2f79e68e.89352fd7.js
2024-09-18 20:14:54,030 INFO: Capturing request: https://booking.bbdc.sg/static/js/chunk-2b07b104.57940502.js
2024-09-18 20:14:54,031 INFO: Capturing request: https://booking.bbdc.sg/static/js/chunk-29914ae2.42855521.js
2024-09-18 20:14:54,032 INFO: Capturing request: https://booking.bbdc.sg/static/js/chunk-2851a66f.35f99e39.js
2024-09-18 20:14:54,034 INFO: Capturing request: https://booking.bbdc.sg/static/js/chunk-2a4c28bc.5b7eb1e9.js
2024-09-18 20:14:54,036 INFO: Capturing request: https://booking.bbdc.sg/static/js/chunk-3141e30e.95f53a9d.js
2024-09-18 20:14:54,038 INFO: Capturing request: https://booking.bbdc.sg/static/js/chunk-3d657a26.059a58a6.js
2024-09-18 20:14:54,041 INFO: Capturing request: https://booking.bbdc.sg/static/js/chunk-3da2c111.3fd152fc.js
2024-09-18 20:14:54,042 INFO: Capturing request: https://booking.bbdc.sg/static/js/chunk-47e30e94.48dcfef9.js
2024-09-18 20:14:54,045 INFO: Capturing request: https://booking.bbdc.sg/static/js/chunk-3f927d57.ba00ed65.js
2024-09-18 20:14:54,049 INFO: Capturing response: https://booking.bbdc.sg/static/css/chunk-1687934a.7f1b58aa.css 200 
2024-09-18 20:14:54,062 INFO: Capturing response: https://booking.bbdc.sg/static/css/chunk-0fa3995a.89ba2e17.css 200 
2024-09-18 20:14:54,067 INFO: Capturing response: https://booking.bbdc.sg/static/css/chunk-1084cecd.1f3bf2b9.css 200 
2024-09-18 20:14:54,073 INFO: Capturing response: https://booking.bbdc.sg/static/css/chunk-109f1a97.b5087f50.css 200 
2024-09-18 20:14:54,074 INFO: Capturing request: https://booking.bbdc.sg/static/js/chunk-6a02b38e.8e3564e2.js
2024-09-18 20:14:54,077 INFO: Capturing request: https://booking.bbdc.sg/static/js/chunk-6305e883.beae24c5.js
2024-09-18 20:14:54,078 INFO: Capturing request: https://booking.bbdc.sg/static/js/chunk-50f48074.3880b4e5.js
2024-09-18 20:14:54,082 INFO: Capturing response: https://booking.bbdc.sg/static/css/chunk-11ad1a04.4ad62cf6.css 200 
2024-09-18 20:14:54,085 INFO: Capturing response: https://booking.bbdc.sg/static/css/chunk-280881bd.2bb34e94.css 200 
2024-09-18 20:14:54,086 INFO: Capturing request: https://booking.bbdc.sg/static/js/chunk-6d9f1ad3.cf23ce24.js
2024-09-18 20:14:54,088 INFO: Capturing request: https://booking.bbdc.sg/static/js/chunk-6f4c8d96.f8156b80.js
2024-09-18 20:14:54,090 INFO: Capturing request: https://booking.bbdc.sg/static/js/chunk-7118d5c6.74d47a17.js
2024-09-18 20:14:54,093 INFO: Capturing response: https://booking.bbdc.sg/static/css/chunk-2342a83a.399a2c58.css 200 
2024-09-18 20:14:54,102 INFO: Capturing response: https://booking.bbdc.sg/static/css/chunk-1ead5984.7b7bfcae.css 200 
2024-09-18 20:14:54,105 INFO: Capturing request: https://booking.bbdc.sg/static/js/chunk-7481307a.ed9801f1.js
2024-09-18 20:14:54,108 INFO: Capturing response: https://booking.bbdc.sg/static/css/chunk-2f79e68e.0d818389.css 200 
2024-09-18 20:14:54,111 INFO: Capturing response: https://booking.bbdc.sg/static/css/chunk-2b07b104.48afd2d9.css 200 
2024-09-18 20:14:54,116 INFO: Capturing response: https://booking.bbdc.sg/static/css/chunk-2a4c28bc.9523aaa4.css 200 
2024-09-18 20:14:54,119 INFO: Capturing response: https://booking.bbdc.sg/static/css/chunk-3141e30e.9cb8694f.css 200 
2024-09-18 20:14:54,122 INFO: Capturing response: https://booking.bbdc.sg/static/css/chunk-2851a66f.db7cc92a.css 200 
2024-09-18 20:14:54,125 INFO: Capturing response: https://booking.bbdc.sg/static/css/chunk-3d657a26.4305e48d.css 200 
2024-09-18 20:14:54,127 INFO: Capturing response: https://booking.bbdc.sg/static/css/chunk-3f927d57.25ad22ac.css 200 
2024-09-18 20:14:54,129 INFO: Capturing response: https://booking.bbdc.sg/static/css/chunk-3da2c111.e878d2e3.css 200 
2024-09-18 20:14:54,134 INFO: Capturing response: https://booking.bbdc.sg/static/css/chunk-193a51f6.68407474.css 200 
2024-09-18 20:14:54,138 INFO: Capturing response: https://booking.bbdc.sg/static/css/chunk-1e30350d.44b5def7.css 200 
2024-09-18 20:14:54,140 INFO: Capturing request: https://booking.bbdc.sg/static/js/chunk-7a0b4fb1.761a57c5.js
2024-09-18 20:14:54,151 INFO: Capturing response: https://booking.bbdc.sg/static/css/chunk-29914ae2.3143f700.css 200 
2024-09-18 20:14:54,156 INFO: Capturing response: https://booking.bbdc.sg/static/css/chunk-6d9f1ad3.5316f901.css 200 
2024-09-18 20:14:54,159 INFO: Capturing response: https://booking.bbdc.sg/static/css/chunk-47e30e94.1710111d.css 200 
2024-09-18 20:14:54,162 INFO: Capturing response: https://booking.bbdc.sg/static/css/chunk-6f4c8d96.0d0d2b97.css 200 
2024-09-18 20:14:54,168 INFO: Capturing response: https://booking.bbdc.sg/static/css/chunk-6a02b38e.affbf70b.css 200 
2024-09-18 20:14:54,169 INFO: Capturing response: https://booking.bbdc.sg/static/css/chunk-7118d5c6.5d8b2df2.css 200 
2024-09-18 20:14:54,171 INFO: Capturing response: https://booking.bbdc.sg/static/css/chunk-6305e883.f95cb530.css 200 
2024-09-18 20:14:54,174 INFO: Capturing request: https://booking.bbdc.sg/static/js/chunk-7cc3c476.3943a46d.js
2024-09-18 20:14:54,179 INFO: Capturing request: https://booking.bbdc.sg/static/js/chunk-89f955aa.e9c67deb.js
2024-09-18 20:14:54,180 INFO: Capturing request: https://booking.bbdc.sg/static/js/chunk-7f5ba58e.a1529e8f.js
2024-09-18 20:14:54,182 INFO: Capturing request: https://booking.bbdc.sg/static/js/chunk-9742b558.59ecac47.js
2024-09-18 20:14:54,186 INFO: Capturing response: https://booking.bbdc.sg/static/js/chunk-0a4f15d7.ae5907ec.js 200 
2024-09-18 20:14:54,189 INFO: Capturing response: https://booking.bbdc.sg/static/css/chunk-50f48074.7458ff20.css 200 
2024-09-18 20:14:54,194 INFO: Capturing response: https://booking.bbdc.sg/static/css/chunk-9742b558.65d5841c.css 200 
2024-09-18 20:14:54,197 INFO: Capturing response: https://booking.bbdc.sg/static/css/chunk-89f955aa.816944a6.css 200 
2024-09-18 20:14:54,202 INFO: Capturing response: https://booking.bbdc.sg/static/css/chunk-7f5ba58e.9d9d4678.css 200 
2024-09-18 20:14:54,206 INFO: Capturing response: https://booking.bbdc.sg/static/css/chunk-7cc3c476.3d6b8543.css 200 
2024-09-18 20:14:54,209 INFO: Capturing response: https://booking.bbdc.sg/static/css/chunk-7481307a.391854c2.css 200 
2024-09-18 20:14:54,211 INFO: Capturing response: https://booking.bbdc.sg/static/css/chunk-7a0b4fb1.4ff59ca4.css 200 
2024-09-18 20:14:54,213 INFO: Capturing response: https://booking.bbdc.sg/static/css/chunk-e3bffed2.04ef1426.css 200 
2024-09-18 20:14:54,216 INFO: Capturing response: https://booking.bbdc.sg/static/css/chunk-b8ecf602.e043bcc6.css 200 
2024-09-18 20:14:54,217 INFO: Capturing response: https://booking.bbdc.sg/static/css/chunk-f83966f4.295e3fe7.css 200 
2024-09-18 20:14:54,220 INFO: Capturing response: https://booking.bbdc.sg/static/js/chunk-0b7c7728.72a4bb6e.js 200 
2024-09-18 20:14:54,221 INFO: Capturing response: https://booking.bbdc.sg/static/js/chunk-09a0cd9c.6ce5c2b8.js 200 
2024-09-18 20:14:54,223 INFO: Capturing response: https://booking.bbdc.sg/static/js/chunk-11ad1a04.d0d83967.js 200 
2024-09-18 20:14:54,225 INFO: Capturing response: https://booking.bbdc.sg/static/js/chunk-0384f218.412f28d9.js 200 
2024-09-18 20:14:54,227 INFO: Capturing response: https://booking.bbdc.sg/static/js/chunk-0fa3995a.5d362df3.js 200 
2024-09-18 20:14:54,231 INFO: Capturing response: https://booking.bbdc.sg/static/js/chunk-08e970c4.54ce4031.js 200 
2024-09-18 20:14:54,234 INFO: Capturing response: https://booking.bbdc.sg/static/css/chunk-f9607942.8a4d61ae.css 200 
2024-09-18 20:14:54,236 INFO: Capturing response: https://booking.bbdc.sg/static/js/chunk-109f1a97.8138f3e6.js 200 
2024-09-18 20:14:54,238 INFO: Capturing response: https://booking.bbdc.sg/static/js/chunk-1084cecd.2f575b8c.js 200 
2024-09-18 20:14:54,239 INFO: Capturing response: https://booking.bbdc.sg/static/js/chunk-1687934a.e39584cd.js 200 
2024-09-18 20:14:54,242 INFO: Capturing response: https://booking.bbdc.sg/static/js/chunk-193a51f6.239b5e3a.js 200 
2024-09-18 20:14:54,243 INFO: Capturing request: https://booking.bbdc.sg/static/js/chunk-f83966f4.b47731a1.js
2024-09-18 20:14:54,244 INFO: Capturing request: https://booking.bbdc.sg/static/js/chunk-b8ecf602.088e921b.js
2024-09-18 20:14:54,245 INFO: Capturing request: https://booking.bbdc.sg/static/js/chunk-e3bffed2.31d91757.js
2024-09-18 20:14:54,246 INFO: Capturing request: https://booking.bbdc.sg/static/js/chunk-f9607942.fba0fd1d.js
2024-09-18 20:14:54,249 INFO: Capturing response: https://booking.bbdc.sg/static/js/chunk-2342a83a.154ff32b.js 200 
2024-09-18 20:14:54,251 INFO: Capturing response: https://booking.bbdc.sg/static/js/chunk-2b07b104.57940502.js 200 
2024-09-18 20:14:54,257 INFO: Capturing response: https://booking.bbdc.sg/static/js/chunk-3141e30e.95f53a9d.js 200 
2024-09-18 20:14:54,259 INFO: Capturing response: https://booking.bbdc.sg/static/js/chunk-2a4c28bc.5b7eb1e9.js 200 
2024-09-18 20:14:54,261 INFO: Capturing response: https://booking.bbdc.sg/static/js/chunk-3da2c111.3fd152fc.js 200 
2024-09-18 20:14:54,271 INFO: Capturing response: https://booking.bbdc.sg/static/js/chunk-6a02b38e.8e3564e2.js 200 
2024-09-18 20:14:54,275 INFO: Capturing response: https://booking.bbdc.sg/static/js/chunk-2851a66f.35f99e39.js 200 
2024-09-18 20:14:54,278 INFO: Capturing response: https://booking.bbdc.sg/static/js/chunk-7118d5c6.74d47a17.js 200 
2024-09-18 20:14:54,281 INFO: Capturing response: https://booking.bbdc.sg/static/css/chunk-vendors.eb119688.css 200 
2024-09-18 20:14:54,288 INFO: Capturing response: https://booking.bbdc.sg/static/js/chunk-7a0b4fb1.761a57c5.js 200 
2024-09-18 20:14:54,290 INFO: Capturing response: https://booking.bbdc.sg/static/js/chunk-1ead5984.81edba15.js 200 
2024-09-18 20:14:54,295 INFO: Capturing response: https://booking.bbdc.sg/static/js/chunk-7cc3c476.3943a46d.js 200 
2024-09-18 20:14:54,298 INFO: Capturing response: https://booking.bbdc.sg/static/js/chunk-89f955aa.e9c67deb.js 200 
2024-09-18 20:14:54,300 INFO: Capturing response: https://booking.bbdc.sg/static/js/chunk-9742b558.59ecac47.js 200 
2024-09-18 20:14:54,301 INFO: Capturing response: https://booking.bbdc.sg/static/js/chunk-7f5ba58e.a1529e8f.js 200 
2024-09-18 20:14:54,304 INFO: Capturing response: https://booking.bbdc.sg/static/js/chunk-0f8a67d5.4280d3f4.js 200 
2024-09-18 20:14:54,305 INFO: Capturing response: https://booking.bbdc.sg/static/js/chunk-280881bd.978e678b.js 200 
2024-09-18 20:14:54,312 INFO: Capturing response: https://booking.bbdc.sg/static/js/chunk-2f79e68e.89352fd7.js 200 
2024-09-18 20:14:54,314 INFO: Capturing response: https://booking.bbdc.sg/static/js/chunk-f9607942.fba0fd1d.js 200 
2024-09-18 20:14:54,316 INFO: Capturing response: https://booking.bbdc.sg/static/js/chunk-b8ecf602.088e921b.js 200 
2024-09-18 20:14:54,318 INFO: Capturing response: https://booking.bbdc.sg/static/js/chunk-f83966f4.b47731a1.js 200 
2024-09-18 20:14:54,320 INFO: Capturing response: https://booking.bbdc.sg/static/js/chunk-e3bffed2.31d91757.js 200 
2024-09-18 20:14:54,326 INFO: Capturing response: https://booking.bbdc.sg/static/js/chunk-47e30e94.48dcfef9.js 200 
2024-09-18 20:14:54,328 INFO: Capturing response: https://booking.bbdc.sg/static/js/chunk-29914ae2.42855521.js 200 
2024-09-18 20:14:54,330 INFO: Capturing response: https://booking.bbdc.sg/_Incapsula_Resource?SWJIYLWA=719d34d31c8e3a6e6fffd425f7e032f3&ns=1&cb=1195061892 200 
2024-09-18 20:14:54,332 INFO: Capturing response: https://booking.bbdc.sg/static/js/chunk-3d657a26.059a58a6.js 200 
2024-09-18 20:14:54,334 INFO: Capturing response: https://booking.bbdc.sg/static/js/chunk-1e30350d.3f5df6e8.js 200 
2024-09-18 20:14:54,336 INFO: Capturing response: https://booking.bbdc.sg/static/js/chunk-6d9f1ad3.cf23ce24.js 200 
2024-09-18 20:14:54,338 INFO: Capturing response: https://booking.bbdc.sg/static/js/chunk-vendors.fbb87f66.js 200 
2024-09-18 20:14:54,342 INFO: Capturing response: https://booking.bbdc.sg/static/js/chunk-6f4c8d96.f8156b80.js 200 
2024-09-18 20:14:54,343 INFO: Capturing response: https://booking.bbdc.sg/static/js/chunk-3f927d57.ba00ed65.js 200 
2024-09-18 20:14:54,345 INFO: Capturing response: https://booking.bbdc.sg/static/js/chunk-50f48074.3880b4e5.js 200 
2024-09-18 20:14:54,347 INFO: Capturing response: https://booking.bbdc.sg/static/js/chunk-7481307a.ed9801f1.js 200 
2024-09-18 20:14:54,350 INFO: Capturing response: https://booking.bbdc.sg/static/js/chunk-6305e883.beae24c5.js 200 
2024-09-18 20:14:54,530 INFO: Capturing request: https://booking.bbdc.sg/static/js/chunk-6a02b38e.8e3564e2.js
2024-09-18 20:14:54,531 INFO: Capturing request: https://booking.bbdc.sg/static/css/chunk-6a02b38e.affbf70b.css
2024-09-18 20:14:54,545 INFO: Capturing request: https://booking.bbdc.sg/_Incapsula_Resource?SWKMTFSR=1&e=0.40403933400293335
2024-09-18 20:14:54,640 INFO: Capturing response: https://booking.bbdc.sg/static/js/chunk-6a02b38e.8e3564e2.js 200 
2024-09-18 20:14:54,656 INFO: Capturing response: https://booking.bbdc.sg/static/css/chunk-6a02b38e.affbf70b.css 200 
2024-09-18 20:14:54,672 INFO: Capturing response: https://booking.bbdc.sg/_Incapsula_Resource?SWKMTFSR=1&e=0.40403933400293335 200 
2024-09-18 20:14:54,813 INFO: Capturing request: https://booking.bbdc.sg/static/img/logo.9cbd49e4.png
2024-09-18 20:14:54,829 INFO: Capturing request: https://booking.bbdc.sg/static/fonts/Poppins-Regular.de2dd933.otf
2024-09-18 20:14:54,830 INFO: Capturing request: https://booking.bbdc.sg/static/fonts/materialdesignicons-webfont.7a44ea19.woff2
2024-09-18 20:14:54,836 INFO: Capturing response: https://booking.bbdc.sg/static/img/logo.9cbd49e4.png 200 
2024-09-18 20:14:54,983 INFO: Capturing response: https://booking.bbdc.sg/static/fonts/Poppins-Regular.de2dd933.otf 200 
2024-09-18 20:14:55,048 INFO: Capturing response: https://booking.bbdc.sg/static/fonts/materialdesignicons-webfont.7a44ea19.woff2 200 
2024-09-18 20:14:55,189 INFO: Capturing request: https://booking.bbdc.sg/favicon.ico
2024-09-18 20:14:55,221 INFO: Capturing request: https://content-autofill.googleapis.com/v1/pages/ChVDaHJvbWUvMTI4LjAuNjYxMy4xMzgSIAnM3C65fK7nbBIFDd-ylY0SBQ1HJhCpIYauimVbR32x?alt=proto
2024-09-18 20:14:55,302 INFO: Capturing response: https://booking.bbdc.sg/favicon.ico 200 
2024-09-18 20:14:55,399 INFO: Capturing response: https://content-autofill.googleapis.com/v1/pages/ChVDaHJvbWUvMTI4LjAuNjYxMy4xMzgSIAnM3C65fK7nbBIFDd-ylY0SBQ1HJhCpIYauimVbR32x?alt=proto 200 
2024-09-18 20:14:58,269 INFO: Capturing request: https://booking.bbdc.sg/bbdc-back-service/api/auth/checkIdAndPass
2024-09-18 20:14:58,791 INFO: Capturing response: https://booking.bbdc.sg/bbdc-back-service/api/auth/checkIdAndPass 200 
2024-09-18 20:14:58,910 INFO: Capturing request: https://booking.bbdc.sg/static/js/chunk-9742b558.59ecac47.js
2024-09-18 20:14:58,911 INFO: Capturing request: https://booking.bbdc.sg/static/css/chunk-9742b558.65d5841c.css
2024-09-18 20:14:59,022 INFO: Capturing response: https://booking.bbdc.sg/static/js/chunk-9742b558.59ecac47.js 200 
2024-09-18 20:14:59,039 INFO: Capturing response: https://booking.bbdc.sg/static/css/chunk-9742b558.65d5841c.css 200 
2024-09-18 20:14:59,056 INFO: Capturing request: https://booking.bbdc.sg/bbdc-back-service/api/auth/getLoginCaptchaImage
2024-09-18 20:14:59,095 INFO: Capturing response: https://booking.bbdc.sg/bbdc-back-service/api/auth/getLoginCaptchaImage 200 
2024-09-18 20:14:59,259 INFO: Capturing request: https://content-autofill.googleapis.com/v1/pages/ChVDaHJvbWUvMTI4LjAuNjYxMy4xMzgSGQmjgpJ3IiBfDBIFDT6bs1IhnSbMW-3J7eM=?alt=proto
2024-09-18 20:14:59,433 INFO: Capturing response: https://content-autofill.googleapis.com/v1/pages/ChVDaHJvbWUvMTI4LjAuNjYxMy4xMzgSGQmjgpJ3IiBfDBIFDT6bs1IhnSbMW-3J7eM=?alt=proto 200 
2024-09-18 20:15:00,758 WARNING: Retrying (Retry(total=2, connect=None, read=None, redirect=None, status=None)) after connection broken by 'ConnectionResetError(10054, 'An existing connection was forcibly closed by the remote host', None, 10054, None)': /session/9b8a7f288da7cca7ab328c3e227aa4ae/url
2024-09-18 20:21:47,225 INFO: This is a standard output message.
This is a standard output message.
2024-09-18 20:21:47,225 INFO: This is an info message.
2024-09-18 20:21:47,225 ERROR: An error occurred
Traceback (most recent call last):
  File "C:\Users\Admin\Desktop\Year3Projects\bukitdriving\ryan.py", line 53, in <module>
    raise Exception("This is an error message.")
Exception: This is an error message.
2024-09-18 20:21:47,226 INFO: Using default request storage
2024-09-18 20:21:47,239 INFO: Created proxy listening on 127.0.0.1:51533
2024-09-18 20:21:48,570 INFO: Random Platform:  Win32
2024-09-18 20:21:48,778 INFO: Capturing request: https://accounts.google.com/ListAccounts?gpsia=1&source=ChromiumBrowser&json=standard
2024-09-18 20:21:48,981 INFO: Capturing response: https://accounts.google.com/ListAccounts?gpsia=1&source=ChromiumBrowser&json=standard 200 
2024-09-18 20:21:49,167 INFO: Capturing request: https://booking.bbdc.sg/
2024-09-18 20:21:49,308 INFO: Capturing response: https://booking.bbdc.sg/ 200 
2024-09-18 20:21:49,436 INFO: Capturing request: https://booking.bbdc.sg/_Incapsula_Resource?SWJIYLWA=719d34d31c8e3a6e6fffd425f7e032f3&ns=1&cb=1339465981
2024-09-18 20:21:49,438 INFO: Capturing request: https://booking.bbdc.sg/static/js/app.71508b70.js
2024-09-18 20:21:49,440 INFO: Capturing request: https://booking.bbdc.sg/static/css/chunk-vendors.eb119688.css
2024-09-18 20:21:49,442 INFO: Capturing request: https://booking.bbdc.sg/static/css/app.38497a2a.css
2024-09-18 20:21:49,444 INFO: Capturing request: https://booking.bbdc.sg/static/js/chunk-vendors.fbb87f66.js
2024-09-18 20:21:49,453 INFO: Capturing request: https://booking.bbdc.sg/static/css/chunk-1084cecd.1f3bf2b9.css
2024-09-18 20:21:49,455 INFO: Capturing request: https://booking.bbdc.sg/static/css/chunk-0fa3995a.89ba2e17.css
2024-09-18 20:21:49,456 INFO: Capturing request: https://booking.bbdc.sg/static/css/chunk-08e970c4.05256faf.css
2024-09-18 20:21:49,457 INFO: Capturing request: https://booking.bbdc.sg/static/css/chunk-0f8a67d5.10618753.css
2024-09-18 20:21:49,459 INFO: Capturing request: https://booking.bbdc.sg/static/css/chunk-0384f218.d72d48be.css
2024-09-18 20:21:49,461 INFO: Capturing request: https://booking.bbdc.sg/static/css/chunk-0b7c7728.2d3a90c5.css
2024-09-18 20:21:49,462 INFO: Capturing request: https://booking.bbdc.sg/static/css/chunk-09a0cd9c.b37f20bb.css
2024-09-18 20:21:49,464 INFO: Capturing request: https://booking.bbdc.sg/static/css/chunk-0a4f15d7.b5abafec.css
2024-09-18 20:21:49,465 INFO: Capturing request: https://booking.bbdc.sg/static/css/chunk-109f1a97.b5087f50.css
2024-09-18 20:21:49,472 INFO: Capturing request: https://booking.bbdc.sg/static/css/chunk-29914ae2.3143f700.css
2024-09-18 20:21:49,473 INFO: Capturing request: https://booking.bbdc.sg/static/css/chunk-2851a66f.db7cc92a.css
2024-09-18 20:21:49,475 INFO: Capturing request: https://booking.bbdc.sg/static/css/chunk-280881bd.2bb34e94.css
2024-09-18 20:21:49,476 INFO: Capturing request: https://booking.bbdc.sg/static/css/chunk-1e30350d.44b5def7.css
2024-09-18 20:21:49,478 INFO: Capturing request: https://booking.bbdc.sg/static/css/chunk-11ad1a04.4ad62cf6.css
2024-09-18 20:21:49,479 INFO: Capturing request: https://booking.bbdc.sg/static/css/chunk-2342a83a.399a2c58.css
2024-09-18 20:21:49,480 INFO: Capturing request: https://booking.bbdc.sg/static/css/chunk-1ead5984.7b7bfcae.css
2024-09-18 20:21:49,482 INFO: Capturing request: https://booking.bbdc.sg/static/css/chunk-193a51f6.68407474.css
2024-09-18 20:21:49,484 INFO: Capturing request: https://booking.bbdc.sg/static/css/chunk-1687934a.7f1b58aa.css
2024-09-18 20:21:49,489 INFO: Capturing response: https://booking.bbdc.sg/_Incapsula_Resource?SWJIYLWA=719d34d31c8e3a6e6fffd425f7e032f3&ns=1&cb=1339465981 200 
2024-09-18 20:21:49,491 INFO: Capturing request: https://booking.bbdc.sg/static/css/chunk-2a4c28bc.9523aaa4.css
2024-09-18 20:21:49,493 INFO: Capturing request: https://booking.bbdc.sg/static/css/chunk-2b07b104.48afd2d9.css
2024-09-18 20:21:49,495 INFO: Capturing request: https://booking.bbdc.sg/static/css/chunk-3141e30e.9cb8694f.css
2024-09-18 20:21:49,498 INFO: Capturing request: https://booking.bbdc.sg/static/css/chunk-2f79e68e.0d818389.css
2024-09-18 20:21:49,504 INFO: Capturing response: https://booking.bbdc.sg/static/js/app.71508b70.js 200 
2024-09-18 20:21:49,507 INFO: Capturing request: https://booking.bbdc.sg/static/css/chunk-6305e883.f95cb530.css
2024-09-18 20:21:49,508 INFO: Capturing request: https://booking.bbdc.sg/static/css/chunk-6d9f1ad3.5316f901.css
2024-09-18 20:21:49,510 INFO: Capturing request: https://booking.bbdc.sg/static/css/chunk-6a02b38e.affbf70b.css
2024-09-18 20:21:49,513 INFO: Capturing request: https://booking.bbdc.sg/static/css/chunk-3f927d57.25ad22ac.css
2024-09-18 20:21:49,516 INFO: Capturing request: https://booking.bbdc.sg/static/css/chunk-50f48074.7458ff20.css
2024-09-18 20:21:49,517 INFO: Capturing request: https://booking.bbdc.sg/static/css/chunk-3d657a26.4305e48d.css
2024-09-18 20:21:49,519 INFO: Capturing request: https://booking.bbdc.sg/static/css/chunk-47e30e94.1710111d.css
2024-09-18 20:21:49,521 INFO: Capturing request: https://booking.bbdc.sg/static/css/chunk-3da2c111.e878d2e3.css
2024-09-18 20:21:49,529 INFO: Capturing response: https://booking.bbdc.sg/static/css/app.38497a2a.css 200 
2024-09-18 20:21:49,531 INFO: Capturing request: https://booking.bbdc.sg/static/css/chunk-b8ecf602.e043bcc6.css
2024-09-18 20:21:49,534 INFO: Capturing request: https://booking.bbdc.sg/static/css/chunk-89f955aa.816944a6.css
2024-09-18 20:21:49,536 INFO: Capturing request: https://booking.bbdc.sg/static/css/chunk-9742b558.65d5841c.css
2024-09-18 20:21:49,537 INFO: Capturing request: https://booking.bbdc.sg/static/css/chunk-7f5ba58e.9d9d4678.css
2024-09-18 20:21:49,538 INFO: Capturing request: https://booking.bbdc.sg/static/css/chunk-7a0b4fb1.4ff59ca4.css
2024-09-18 20:21:49,540 INFO: Capturing request: https://booking.bbdc.sg/static/css/chunk-7118d5c6.5d8b2df2.css
2024-09-18 20:21:49,544 INFO: Capturing request: https://booking.bbdc.sg/static/css/chunk-7481307a.391854c2.css
2024-09-18 20:21:49,546 INFO: Capturing request: https://booking.bbdc.sg/static/css/chunk-6f4c8d96.0d0d2b97.css
2024-09-18 20:21:49,548 INFO: Capturing request: https://booking.bbdc.sg/static/css/chunk-7cc3c476.3d6b8543.css
2024-09-18 20:21:49,558 INFO: Capturing response: https://booking.bbdc.sg/static/css/chunk-1084cecd.1f3bf2b9.css 200 
2024-09-18 20:21:49,560 INFO: Capturing request: https://booking.bbdc.sg/static/js/chunk-0a4f15d7.ae5907ec.js
2024-09-18 20:21:49,562 INFO: Capturing request: https://booking.bbdc.sg/static/js/chunk-08e970c4.54ce4031.js
2024-09-18 20:21:49,564 INFO: Capturing request: https://booking.bbdc.sg/static/css/chunk-f83966f4.295e3fe7.css
2024-09-18 20:21:49,565 INFO: Capturing request: https://booking.bbdc.sg/static/css/chunk-f9607942.8a4d61ae.css
2024-09-18 20:21:49,566 INFO: Capturing request: https://booking.bbdc.sg/static/css/chunk-e3bffed2.04ef1426.css
2024-09-18 20:21:49,568 INFO: Capturing request: https://booking.bbdc.sg/static/js/chunk-0384f218.412f28d9.js
2024-09-18 20:21:49,570 INFO: Capturing request: https://booking.bbdc.sg/static/js/chunk-0f8a67d5.4280d3f4.js
2024-09-18 20:21:49,571 INFO: Capturing request: https://booking.bbdc.sg/static/js/chunk-0b7c7728.72a4bb6e.js
2024-09-18 20:21:49,573 INFO: Capturing request: https://booking.bbdc.sg/static/js/chunk-09a0cd9c.6ce5c2b8.js
2024-09-18 20:21:49,574 INFO: Capturing request: https://booking.bbdc.sg/static/js/chunk-0fa3995a.5d362df3.js
2024-09-18 20:21:49,578 INFO: Capturing response: https://booking.bbdc.sg/static/css/chunk-0fa3995a.89ba2e17.css 200 
2024-09-18 20:21:49,581 INFO: Capturing request: https://booking.bbdc.sg/static/js/chunk-1e30350d.3f5df6e8.js
2024-09-18 20:21:49,583 INFO: Capturing request: https://booking.bbdc.sg/static/js/chunk-11ad1a04.d0d83967.js
2024-09-18 20:21:49,584 INFO: Capturing request: https://booking.bbdc.sg/static/js/chunk-1687934a.e39584cd.js
2024-09-18 20:21:49,586 INFO: Capturing request: https://booking.bbdc.sg/static/js/chunk-1084cecd.2f575b8c.js
2024-09-18 20:21:49,589 INFO: Capturing request: https://booking.bbdc.sg/static/js/chunk-109f1a97.8138f3e6.js
2024-09-18 20:21:49,616 INFO: Capturing request: https://booking.bbdc.sg/static/js/chunk-2342a83a.154ff32b.js
2024-09-18 20:21:49,617 INFO: Capturing request: https://booking.bbdc.sg/static/js/chunk-280881bd.978e678b.js
2024-09-18 20:21:49,619 INFO: Capturing request: https://booking.bbdc.sg/static/js/chunk-193a51f6.239b5e3a.js
2024-09-18 20:21:49,621 INFO: Capturing request: https://booking.bbdc.sg/static/js/chunk-1ead5984.81edba15.js
2024-09-18 20:21:49,629 INFO: Capturing response: https://booking.bbdc.sg/static/css/chunk-08e970c4.05256faf.css 200 
2024-09-18 20:21:49,631 INFO: Capturing request: https://booking.bbdc.sg/static/js/chunk-2a4c28bc.5b7eb1e9.js
2024-09-18 20:21:49,632 INFO: Capturing request: https://booking.bbdc.sg/static/js/chunk-2b07b104.57940502.js
2024-09-18 20:21:49,634 INFO: Capturing request: https://booking.bbdc.sg/static/js/chunk-2851a66f.35f99e39.js
2024-09-18 20:21:49,636 INFO: Capturing request: https://booking.bbdc.sg/static/js/chunk-2f79e68e.89352fd7.js
2024-09-18 20:21:49,637 INFO: Capturing request: https://booking.bbdc.sg/static/js/chunk-29914ae2.42855521.js
2024-09-18 20:21:49,641 INFO: Capturing response: https://booking.bbdc.sg/static/css/chunk-0f8a67d5.10618753.css 200 
2024-09-18 20:21:49,649 INFO: Capturing response: https://booking.bbdc.sg/static/css/chunk-0384f218.d72d48be.css 200 
2024-09-18 20:21:49,654 INFO: Capturing response: https://booking.bbdc.sg/static/css/chunk-0b7c7728.2d3a90c5.css 200 
2024-09-18 20:21:49,656 INFO: Capturing request: https://booking.bbdc.sg/static/js/chunk-3da2c111.3fd152fc.js
2024-09-18 20:21:49,657 INFO: Capturing request: https://booking.bbdc.sg/static/js/chunk-3d657a26.059a58a6.js
2024-09-18 20:21:49,659 INFO: Capturing request: https://booking.bbdc.sg/static/js/chunk-3f927d57.ba00ed65.js
2024-09-18 20:21:49,660 INFO: Capturing request: https://booking.bbdc.sg/static/js/chunk-3141e30e.95f53a9d.js
2024-09-18 20:21:49,662 INFO: Capturing request: https://booking.bbdc.sg/static/js/chunk-47e30e94.48dcfef9.js
2024-09-18 20:21:49,663 INFO: Capturing request: https://booking.bbdc.sg/static/js/chunk-50f48074.3880b4e5.js
2024-09-18 20:21:49,666 INFO: Capturing request: https://booking.bbdc.sg/static/js/chunk-6305e883.beae24c5.js
2024-09-18 20:21:49,673 INFO: Capturing response: https://booking.bbdc.sg/static/css/chunk-0a4f15d7.b5abafec.css 200 
2024-09-18 20:21:49,679 INFO: Capturing response: https://booking.bbdc.sg/static/css/chunk-09a0cd9c.b37f20bb.css 200 
2024-09-18 20:21:49,681 INFO: Capturing request: https://booking.bbdc.sg/static/js/chunk-6a02b38e.8e3564e2.js
2024-09-18 20:21:49,687 INFO: Capturing response: https://booking.bbdc.sg/static/css/chunk-109f1a97.b5087f50.css 200 
2024-09-18 20:21:49,694 INFO: Capturing response: https://booking.bbdc.sg/static/css/chunk-29914ae2.3143f700.css 200 
2024-09-18 20:21:49,695 INFO: Capturing request: https://booking.bbdc.sg/static/js/chunk-6d9f1ad3.cf23ce24.js
2024-09-18 20:21:49,702 INFO: Capturing response: https://booking.bbdc.sg/static/css/chunk-2851a66f.db7cc92a.css 200 
2024-09-18 20:21:49,705 INFO: Capturing response: https://booking.bbdc.sg/static/css/chunk-280881bd.2bb34e94.css 200 
2024-09-18 20:21:49,711 INFO: Capturing response: https://booking.bbdc.sg/static/css/chunk-1e30350d.44b5def7.css 200 
2024-09-18 20:21:49,712 INFO: Capturing request: https://booking.bbdc.sg/static/js/chunk-6f4c8d96.f8156b80.js
2024-09-18 20:21:49,714 INFO: Capturing request: https://booking.bbdc.sg/static/js/chunk-7118d5c6.74d47a17.js
2024-09-18 20:21:49,721 INFO: Capturing response: https://booking.bbdc.sg/static/css/chunk-2342a83a.399a2c58.css 200 
2024-09-18 20:21:49,724 INFO: Capturing response: https://booking.bbdc.sg/static/css/chunk-11ad1a04.4ad62cf6.css 200 
2024-09-18 20:21:49,729 INFO: Capturing response: https://booking.bbdc.sg/static/css/chunk-1ead5984.7b7bfcae.css 200 
2024-09-18 20:21:49,735 INFO: Capturing response: https://booking.bbdc.sg/static/css/chunk-193a51f6.68407474.css 200 
2024-09-18 20:21:49,739 INFO: Capturing response: https://booking.bbdc.sg/static/css/chunk-2b07b104.48afd2d9.css 200 
2024-09-18 20:21:49,742 INFO: Capturing response: https://booking.bbdc.sg/static/css/chunk-2f79e68e.0d818389.css 200 
2024-09-18 20:21:49,744 INFO: Capturing response: https://booking.bbdc.sg/static/css/chunk-2a4c28bc.9523aaa4.css 200 
2024-09-18 20:21:49,746 INFO: Capturing response: https://booking.bbdc.sg/static/css/chunk-3141e30e.9cb8694f.css 200 
2024-09-18 20:21:49,749 INFO: Capturing response: https://booking.bbdc.sg/static/css/chunk-1687934a.7f1b58aa.css 200 
2024-09-18 20:21:49,754 INFO: Capturing response: https://booking.bbdc.sg/static/css/chunk-6305e883.f95cb530.css 200 
2024-09-18 20:21:49,755 INFO: Capturing request: https://booking.bbdc.sg/static/js/chunk-7a0b4fb1.761a57c5.js
2024-09-18 20:21:49,758 INFO: Capturing response: https://booking.bbdc.sg/static/css/chunk-6d9f1ad3.5316f901.css 200 
2024-09-18 20:21:49,761 INFO: Capturing response: https://booking.bbdc.sg/static/css/chunk-6a02b38e.affbf70b.css 200 
2024-09-18 20:21:49,764 INFO: Capturing response: https://booking.bbdc.sg/static/css/chunk-3f927d57.25ad22ac.css 200 
2024-09-18 20:21:49,765 INFO: Capturing request: https://booking.bbdc.sg/static/js/chunk-7cc3c476.3943a46d.js
2024-09-18 20:21:49,766 INFO: Capturing request: https://booking.bbdc.sg/static/js/chunk-7481307a.ed9801f1.js
2024-09-18 20:21:49,768 INFO: Capturing response: https://booking.bbdc.sg/static/css/chunk-7a0b4fb1.4ff59ca4.css 200 
2024-09-18 20:21:49,770 INFO: Capturing response: https://booking.bbdc.sg/static/css/chunk-89f955aa.816944a6.css 200 
2024-09-18 20:21:49,774 INFO: Capturing response: https://booking.bbdc.sg/static/css/chunk-7f5ba58e.9d9d4678.css 200 
2024-09-18 20:21:49,784 INFO: Capturing response: https://booking.bbdc.sg/static/css/chunk-f83966f4.295e3fe7.css 200 
2024-09-18 20:21:49,790 INFO: Capturing response: https://booking.bbdc.sg/static/css/chunk-f9607942.8a4d61ae.css 200 
2024-09-18 20:21:49,794 INFO: Capturing response: https://booking.bbdc.sg/static/css/chunk-e3bffed2.04ef1426.css 200 
2024-09-18 20:21:49,797 INFO: Capturing response: https://booking.bbdc.sg/static/js/chunk-08e970c4.54ce4031.js 200 
2024-09-18 20:21:49,801 INFO: Capturing response: https://booking.bbdc.sg/static/js/chunk-1e30350d.3f5df6e8.js 200 
2024-09-18 20:21:49,802 INFO: Capturing request: https://booking.bbdc.sg/static/js/chunk-7f5ba58e.a1529e8f.js
2024-09-18 20:21:49,804 INFO: Capturing request: https://booking.bbdc.sg/static/js/chunk-89f955aa.e9c67deb.js
2024-09-18 20:21:49,807 INFO: Capturing response: https://booking.bbdc.sg/static/js/chunk-2b07b104.57940502.js 200 
2024-09-18 20:21:49,809 INFO: Capturing response: https://booking.bbdc.sg/static/js/chunk-2a4c28bc.5b7eb1e9.js 200 
2024-09-18 20:21:49,810 INFO: Capturing request: https://booking.bbdc.sg/static/js/chunk-e3bffed2.31d91757.js
2024-09-18 20:21:49,811 INFO: Capturing request: https://booking.bbdc.sg/static/js/chunk-f9607942.fba0fd1d.js
2024-09-18 20:21:49,812 INFO: Capturing request: https://booking.bbdc.sg/static/js/chunk-f83966f4.b47731a1.js
2024-09-18 20:21:49,813 INFO: Capturing request: https://booking.bbdc.sg/static/js/chunk-b8ecf602.088e921b.js
2024-09-18 20:21:49,814 INFO: Capturing request: https://booking.bbdc.sg/static/js/chunk-9742b558.59ecac47.js
2024-09-18 20:21:49,825 INFO: Capturing response: https://booking.bbdc.sg/static/js/chunk-2f79e68e.89352fd7.js 200 
2024-09-18 20:21:49,827 INFO: Capturing response: https://booking.bbdc.sg/static/js/chunk-6305e883.beae24c5.js 200 
2024-09-18 20:21:49,830 INFO: Capturing response: https://booking.bbdc.sg/static/js/chunk-7118d5c6.74d47a17.js 200 
2024-09-18 20:21:49,832 INFO: Capturing response: https://booking.bbdc.sg/static/js/chunk-6f4c8d96.f8156b80.js 200 
2024-09-18 20:21:49,835 INFO: Capturing response: https://booking.bbdc.sg/static/css/chunk-50f48074.7458ff20.css 200 
2024-09-18 20:21:49,838 INFO: Capturing response: https://booking.bbdc.sg/static/css/chunk-47e30e94.1710111d.css 200 
2024-09-18 20:21:49,840 INFO: Capturing response: https://booking.bbdc.sg/static/css/chunk-7481307a.391854c2.css 200 
2024-09-18 20:21:49,842 INFO: Capturing response: https://booking.bbdc.sg/static/css/chunk-9742b558.65d5841c.css 200 
2024-09-18 20:21:49,844 INFO: Capturing response: https://booking.bbdc.sg/static/css/chunk-7118d5c6.5d8b2df2.css 200 
2024-09-18 20:21:49,846 INFO: Capturing response: https://booking.bbdc.sg/static/css/chunk-b8ecf602.e043bcc6.css 200 
2024-09-18 20:21:49,848 INFO: Capturing response: https://booking.bbdc.sg/static/css/chunk-3d657a26.4305e48d.css 200 
2024-09-18 20:21:49,851 INFO: Capturing response: https://booking.bbdc.sg/static/css/chunk-3da2c111.e878d2e3.css 200 
2024-09-18 20:21:49,856 INFO: Capturing response: https://booking.bbdc.sg/static/js/chunk-7a0b4fb1.761a57c5.js 200 
2024-09-18 20:21:49,861 INFO: Capturing response: https://booking.bbdc.sg/static/js/chunk-7cc3c476.3943a46d.js 200 
2024-09-18 20:21:49,866 INFO: Capturing response: https://booking.bbdc.sg/static/js/chunk-7481307a.ed9801f1.js 200 
2024-09-18 20:21:49,870 INFO: Capturing response: https://booking.bbdc.sg/static/css/chunk-6f4c8d96.0d0d2b97.css 200 
2024-09-18 20:21:49,872 INFO: Capturing response: https://booking.bbdc.sg/static/css/chunk-7cc3c476.3d6b8543.css 200 
2024-09-18 20:21:49,873 INFO: Capturing response: https://booking.bbdc.sg/static/css/chunk-vendors.eb119688.css 200 
2024-09-18 20:21:49,876 INFO: Capturing response: https://booking.bbdc.sg/static/js/chunk-09a0cd9c.6ce5c2b8.js 200 
2024-09-18 20:21:49,878 INFO: Capturing response: https://booking.bbdc.sg/static/js/chunk-0384f218.412f28d9.js 200 
2024-09-18 20:21:49,881 INFO: Capturing response: https://booking.bbdc.sg/static/js/chunk-0a4f15d7.ae5907ec.js 200 
2024-09-18 20:21:49,883 INFO: Capturing response: https://booking.bbdc.sg/static/js/chunk-0b7c7728.72a4bb6e.js 200 
2024-09-18 20:21:49,890 INFO: Capturing response: https://booking.bbdc.sg/static/js/chunk-11ad1a04.d0d83967.js 200 
2024-09-18 20:21:49,892 INFO: Capturing response: https://booking.bbdc.sg/static/js/chunk-2342a83a.154ff32b.js 200 
2024-09-18 20:21:49,896 INFO: Capturing response: https://booking.bbdc.sg/static/js/chunk-1687934a.e39584cd.js 200 
2024-09-18 20:21:49,898 INFO: Capturing response: https://booking.bbdc.sg/static/js/chunk-1084cecd.2f575b8c.js 200 
2024-09-18 20:21:49,900 INFO: Capturing response: https://booking.bbdc.sg/static/js/chunk-0f8a67d5.4280d3f4.js 200 
2024-09-18 20:21:49,904 INFO: Capturing response: https://booking.bbdc.sg/static/js/chunk-0fa3995a.5d362df3.js 200 
2024-09-18 20:21:49,906 INFO: Capturing response: https://booking.bbdc.sg/static/js/chunk-193a51f6.239b5e3a.js 200 
2024-09-18 20:21:49,908 INFO: Capturing response: https://booking.bbdc.sg/static/js/chunk-1ead5984.81edba15.js 200 
2024-09-18 20:21:49,910 INFO: Capturing response: https://booking.bbdc.sg/static/js/chunk-109f1a97.8138f3e6.js 200 
2024-09-18 20:21:49,912 INFO: Capturing response: https://booking.bbdc.sg/static/js/chunk-280881bd.978e678b.js 200 
2024-09-18 20:21:49,917 INFO: Capturing response: https://booking.bbdc.sg/static/js/chunk-e3bffed2.31d91757.js 200 
2024-09-18 20:21:49,919 INFO: Capturing response: https://booking.bbdc.sg/static/js/chunk-7f5ba58e.a1529e8f.js 200 
2024-09-18 20:21:49,921 INFO: Capturing response: https://booking.bbdc.sg/static/js/chunk-89f955aa.e9c67deb.js 200 
2024-09-18 20:21:49,924 INFO: Capturing response: https://booking.bbdc.sg/static/js/chunk-f83966f4.b47731a1.js 200 
2024-09-18 20:21:49,926 INFO: Capturing response: https://booking.bbdc.sg/static/js/chunk-f9607942.fba0fd1d.js 200 
2024-09-18 20:21:49,929 INFO: Capturing response: https://booking.bbdc.sg/static/js/chunk-3f927d57.ba00ed65.js 200 
2024-09-18 20:21:49,931 INFO: Capturing response: https://booking.bbdc.sg/static/js/chunk-3da2c111.3fd152fc.js 200 
2024-09-18 20:21:49,933 INFO: Capturing response: https://booking.bbdc.sg/static/js/chunk-29914ae2.42855521.js 200 
2024-09-18 20:21:49,935 INFO: Capturing response: https://booking.bbdc.sg/static/js/chunk-3d657a26.059a58a6.js 200 
2024-09-18 20:21:49,937 INFO: Capturing response: https://booking.bbdc.sg/static/js/chunk-2851a66f.35f99e39.js 200 
2024-09-18 20:21:49,939 INFO: Capturing response: https://booking.bbdc.sg/static/js/chunk-3141e30e.95f53a9d.js 200 
2024-09-18 20:21:49,941 INFO: Capturing response: https://booking.bbdc.sg/static/js/chunk-vendors.fbb87f66.js 200 
2024-09-18 20:21:49,943 INFO: Capturing response: https://booking.bbdc.sg/static/js/chunk-b8ecf602.088e921b.js 200 
2024-09-18 20:21:49,946 INFO: Capturing response: https://booking.bbdc.sg/static/js/chunk-9742b558.59ecac47.js 200 
2024-09-18 20:21:49,948 INFO: Capturing response: https://booking.bbdc.sg/static/js/chunk-6a02b38e.8e3564e2.js 200 
2024-09-18 20:21:49,950 INFO: Capturing response: https://booking.bbdc.sg/static/js/chunk-50f48074.3880b4e5.js 200 
2024-09-18 20:21:49,953 INFO: Capturing response: https://booking.bbdc.sg/static/js/chunk-47e30e94.48dcfef9.js 200 
2024-09-18 20:21:49,955 INFO: Capturing response: https://booking.bbdc.sg/static/js/chunk-6d9f1ad3.cf23ce24.js 200 
2024-09-18 20:21:50,148 INFO: Capturing request: https://booking.bbdc.sg/static/js/chunk-6a02b38e.8e3564e2.js
2024-09-18 20:21:50,150 INFO: Capturing request: https://booking.bbdc.sg/static/css/chunk-6a02b38e.affbf70b.css
2024-09-18 20:21:50,163 INFO: Capturing response: https://booking.bbdc.sg/static/css/chunk-6a02b38e.affbf70b.css 200 
2024-09-18 20:21:50,165 INFO: Capturing request: https://booking.bbdc.sg/_Incapsula_Resource?SWKMTFSR=1&e=0.14536417713073124
2024-09-18 20:21:50,275 INFO: Capturing response: https://booking.bbdc.sg/static/js/chunk-6a02b38e.8e3564e2.js 200 
2024-09-18 20:21:50,290 INFO: Capturing response: https://booking.bbdc.sg/_Incapsula_Resource?SWKMTFSR=1&e=0.14536417713073124 200 
2024-09-18 20:21:50,444 INFO: Capturing request: https://booking.bbdc.sg/static/fonts/Poppins-Regular.de2dd933.otf
2024-09-18 20:21:50,445 INFO: Capturing request: https://booking.bbdc.sg/static/fonts/materialdesignicons-webfont.7a44ea19.woff2
2024-09-18 20:21:50,446 INFO: Capturing request: https://booking.bbdc.sg/static/img/logo.9cbd49e4.png
2024-09-18 20:21:50,595 INFO: Capturing response: https://booking.bbdc.sg/static/img/logo.9cbd49e4.png 200 
2024-09-18 20:21:50,641 INFO: Capturing response: https://booking.bbdc.sg/static/fonts/Poppins-Regular.de2dd933.otf 200 
2024-09-18 20:21:50,749 INFO: Capturing response: https://booking.bbdc.sg/static/fonts/materialdesignicons-webfont.7a44ea19.woff2 200 
2024-09-18 20:21:50,843 INFO: Capturing request: https://content-autofill.googleapis.com/v1/pages/ChVDaHJvbWUvMTI4LjAuNjYxMy4xMzgSIAnM3C65fK7nbBIFDd-ylY0SBQ1HJhCpIYauimVbR32x?alt=proto
2024-09-18 20:21:50,890 INFO: Capturing request: https://booking.bbdc.sg/favicon.ico
2024-09-18 20:21:50,904 INFO: Capturing response: https://content-autofill.googleapis.com/v1/pages/ChVDaHJvbWUvMTI4LjAuNjYxMy4xMzgSIAnM3C65fK7nbBIFDd-ylY0SBQ1HJhCpIYauimVbR32x?alt=proto 200 
2024-09-18 20:21:51,015 INFO: Capturing response: https://booking.bbdc.sg/favicon.ico 200 
